<?xml version="1.0" encoding="UTF-8"?>
<testsuite name="com.bridgelabz.MoodAnalyserTest" tests="1" skipped="0" failures="0" errors="0" timestamp="2021-05-31T19:06:22" hostname="aswin-laptop" time="0.001">
  <properties/>
  <testcase name="givenMessage_WhenSad_ReturnsSad" classname="com.bridgelabz.MoodAnalyserTest" time="0.001"/>
  <system-out><![CDATA[]]></system-out>
  <system-err><![CDATA[]]></system-err>
</testsuite>
